[2015-02-20 15:46:03] START
[2015-02-23 14:23:07] EDIT StockTrader/views/default/index.html: -24
[2015-02-23 14:27:02] EDIT StockTrader/controllers/default.py: 86
[2015-02-23 14:32:04] EDIT StockTrader/controllers/default.py: -86
[2015-02-23 14:32:05] EDIT StockTrader/views/default/index.html: 0
[2015-02-23 14:36:16] CREATE tables.py: 0
[2015-02-23 14:36:41] EDIT StockTrader/controllers/default.py: 86
[2015-02-23 14:37:12] EDIT StockTrader/models/tables.py: 38
[2015-02-23 14:37:20] EDIT StockTrader/controllers/default.py: 0
[2015-02-23 14:41:03] EDIT StockTrader/controllers/default.py: 0
[2015-02-23 14:42:23] EDIT StockTrader/models/tables.py: 0
[2015-02-23 14:42:51] EDIT StockTrader/views/default/index.html: 0
[2015-02-23 14:43:12] EDIT StockTrader/models/tables.py: 0
[2015-02-23 14:44:07] EDIT StockTrader/controllers/default.py: -2
[2015-02-23 14:44:19] EDIT StockTrader/controllers/default.py: 0
[2015-02-23 14:44:28] EDIT StockTrader/controllers/default.py: 0
[2015-02-23 14:44:46] EDIT StockTrader/controllers/default.py: 0
[2015-02-23 14:44:50] EDIT StockTrader/controllers/default.py: 0
[2015-02-23 14:44:53] EDIT StockTrader/controllers/default.py: 0
[2015-02-23 14:56:12] EDIT StockTrader/controllers/default.py: 0
[2015-02-23 14:56:42] EDIT StockTrader/controllers/default.py: 0
[2015-03-04 14:36:25] EDIT StockTrader/views/default/index.html: 83
[2015-03-04 14:36:57] EDIT StockTrader/views/default/index.html: 0
[2015-03-04 14:40:26] EDIT StockTrader/views/default/index.html: -22
[2015-03-04 14:41:02] EDIT StockTrader/views/default/index.html: -27
[2015-03-04 14:41:15] EDIT StockTrader/views/default/index.html: 27
[2015-03-04 14:45:41] EDIT StockTrader/views/default/index.html: -27
[2015-03-04 14:52:30] EDIT StockTrader/views/web2py_ajax.html: 6
[2015-03-04 14:53:02] EDIT StockTrader/views/web2py_ajax.html: 1
[2015-03-04 14:53:05] EDIT StockTrader/views/default/index.html: 0
[2015-03-04 14:59:41] EDIT StockTrader/controllers/default.py: 2
[2015-03-04 15:02:18] EDIT StockTrader/views/web2py_ajax.html: -5
[2015-03-04 15:02:37] EDIT StockTrader/views/web2py_ajax.html: 1
[2015-03-04 15:03:08] EDIT StockTrader/views/web2py_ajax.html: 0
[2015-03-04 15:03:17] EDIT StockTrader/views/web2py_ajax.html: 0
[2015-03-04 15:04:01] EDIT StockTrader/views/default/index2.html: 0
[2015-03-04 15:04:08] EDIT StockTrader/views/default/index2.html: 0
[2015-03-04 15:04:30] EDIT StockTrader/views/default/index2.html: 0
[2015-03-04 15:08:24] EDIT StockTrader/views/default/index2.html: 0
[2015-03-04 15:08:40] EDIT StockTrader/views/default/index2.html: 0
[2015-03-04 15:09:38] EDIT StockTrader/views/default/index2.html: 2
[2015-03-04 15:10:38] EDIT StockTrader/views/default/index2.html: 0
[2015-03-04 15:16:39] EDIT StockTrader/views/default/index2.html: 0
[2015-03-04 15:16:41] EDIT StockTrader/controllers/default.py: 0
